<?xml version="1.0" encoding="UTF-8"?>
<testng-results ignored="0" total="0" passed="0" failed="0" skipped="0">
  <reporter-output>
  </reporter-output>
  <suite started-at="2019-08-21T02:42:50Z" name="CompleteFrameWorks" finished-at="2019-08-21T02:42:50Z" duration-ms="7">
    <groups>
    </groups>
    <test started-at="2019-08-21T02:42:50Z" name="Different Testng Feature Test" finished-at="2019-08-21T02:42:50Z" duration-ms="7">
    </test> <!-- Different Testng Feature Test -->
  </suite> <!-- CompleteFrameWorks -->
</testng-results>
